<?xml version="1.0" encoding="UTF-8"?>
<testng-results ignored="0" total="1" passed="1" failed="0" skipped="0">
  <reporter-output>
  </reporter-output>
  <suite started-at="2025-06-10T17:39:24 CEST" name="BookingSuite" finished-at="2025-06-10T17:39:37 CEST" duration-ms="12846">
    <groups>
    </groups>
    <test started-at="2025-06-10T17:39:24 CEST" name="BookingTests" finished-at="2025-06-10T17:39:37 CEST" duration-ms="12846">
      <class name="myproject.tests.testng.BookingRatingTestNGTest">
        <test-method is-config="true" signature="setUp()[pri:0, instance:myproject.tests.testng.BookingRatingTestNGTest@548a102f]" started-at="2025-06-10T17:39:24 CEST" name="setUp" finished-at="2025-06-10T17:39:25 CEST" duration-ms="1203" status="PASS">
          <reporter-output>
          </reporter-output>
        </test-method> <!-- setUp -->
        <test-method signature="testHotelRatingShouldBeFiveOutOfFive()[pri:0, instance:myproject.tests.testng.BookingRatingTestNGTest@548a102f]" started-at="2025-06-10T17:39:25 CEST" name="testHotelRatingShouldBeFiveOutOfFive" finished-at="2025-06-10T17:39:37 CEST" duration-ms="11392" status="PASS">
          <reporter-output>
          </reporter-output>
        </test-method> <!-- testHotelRatingShouldBeFiveOutOfFive -->
        <test-method is-config="true" signature="tearDown()[pri:0, instance:myproject.tests.testng.BookingRatingTestNGTest@548a102f]" started-at="2025-06-10T17:39:37 CEST" name="tearDown" finished-at="2025-06-10T17:39:37 CEST" duration-ms="216" status="PASS">
          <reporter-output>
          </reporter-output>
        </test-method> <!-- tearDown -->
      </class> <!-- myproject.tests.testng.BookingRatingTestNGTest -->
    </test> <!-- BookingTests -->
  </suite> <!-- BookingSuite -->
</testng-results>
